[21:25:39] [Updater] Checking for updates...
[21:25:39] [Updater] Version from FileVersion: 1.2.5.0
[21:25:39] [Updater] Current version: 1.2.5
[21:25:40] [Updater] Latest version on GitHub: 1.2.4
[21:25:40] [Updater] Already up to date.
[22:21:01] [Updater] Checking for updates...
[22:21:01] [Updater] Version from FileVersion: 1.2.5.0
[22:21:01] [Updater] Current version: 1.2.5
[22:21:01] [Updater] Latest version on GitHub: 1.2.4
[22:21:01] [Updater] Already up to date.
[22:23:29] [Updater] Checking for updates...
[22:23:29] [Updater] Version from FileVersion: 1.2.5.0
[22:23:29] [Updater] Current version: 1.2.5
[22:23:30] [Updater] Latest version on GitHub: 1.2.4
[22:23:30] [Updater] Already up to date.
[22:29:19] [Updater] Checking for updates...
[22:29:19] [Updater] Version from FileVersion: 1.2.5.0
[22:29:19] [Updater] Current version: 1.2.5
[22:29:20] [Updater] Latest version on GitHub: 1.2.4
[22:29:20] [Updater] Already up to date.
[22:38:16] [Updater] Checking for updates...
[22:38:16] [Updater] Version from FileVersion: 1.2.5.0
[22:38:16] [Updater] Current version: 1.2.5
[22:38:17] [Updater] Latest version on GitHub: 1.2.4
[22:38:17] [Updater] Already up to date.
[23:05:37] [Updater] Checking for updates...
[23:05:37] [Updater] Version from FileVersion: 1.2.5.0
[23:05:37] [Updater] Current version: 1.2.5
[23:05:38] [Updater] Latest version on GitHub: 1.2.4
[23:05:38] [Updater] Already up to date.
[23:21:38] [Updater] Checking for updates...
[23:21:38] [Updater] Version from FileVersion: 1.2.5.0
[23:21:38] [Updater] Current version: 1.2.5
[23:21:39] [Updater] Latest version on GitHub: 1.2.4
[23:21:39] [Updater] Already up to date.
[23:22:38] [Updater] Checking for updates...
[23:22:39] [Updater] Version from FileVersion: 1.2.5.0
[23:22:39] [Updater] Current version: 1.2.5
[23:22:39] [Updater] Latest version on GitHub: 1.2.4
[23:22:39] [Updater] Already up to date.
[23:54:50] [Updater] Checking for updates...
[23:54:51] [Updater] Version from FileVersion: 1.2.5.0
[23:54:51] [Updater] Current version: 1.2.5
[23:54:51] [Updater] Latest version on GitHub: 1.2.4
[23:54:51] [Updater] Already up to date.
[01:39:19] [Updater] Checking for updates...
[01:39:19] [Updater] Version from FileVersion: 1.2.5.0
[01:39:19] [Updater] Current version: 1.2.5
[01:39:20] [Updater] Latest version on GitHub: 1.2.4
[01:39:20] [Updater] Already up to date.
[01:50:08] [Updater] Checking for updates...
[01:50:08] [Updater] Version from FileVersion: 1.2.5.0
[01:50:08] [Updater] Current version: 1.2.5
[01:50:09] [Updater] Latest version on GitHub: 1.2.4
[01:50:09] [Updater] Already up to date.
[03:02:07] [Updater] Checking for updates...
[03:02:07] [Updater] Version from FileVersion: 1.2.5.0
[03:02:07] [Updater] Current version: 1.2.5
[03:02:08] [Updater] Latest version on GitHub: 1.2.4
[03:02:08] [Updater] Already up to date.
[10:10:32] [Updater] Checking for updates...
[10:10:32] [Updater] Version from FileVersion: 1.2.7.0
[10:10:32] [Updater] Current version: 1.2.7
[10:10:33] [Updater] Latest version on GitHub: 1.2.9
[10:10:33] [Updater] Update available: 1.2.7 → 1.2.9
[10:10:38] [Updater] User skipped update.
[11:36:57] [Updater] Checking for updates...
[11:36:57] [Updater] Version from FileVersion: 1.2.10.0
[11:36:57] [Updater] Current version: 1.2.10
[11:36:58] [Updater] Latest version on GitHub: 1.2.10
[11:36:58] [Updater] Already up to date.
[12:25:07] [Updater] Checking for updates...
[12:25:07] [Updater] Version from FileVersion: 1.2.10.0
[12:25:07] [Updater] Current version: 1.2.10
[12:25:09] [Updater] Latest version on GitHub: 1.2.10
[12:25:09] [Updater] Already up to date.
[12:37:15] [Updater] Checking for updates...
[12:37:15] [Updater] Version from FileVersion: 1.2.10.0
[12:37:15] [Updater] Current version: 1.2.10
[12:37:16] [Updater] Latest version on GitHub: 1.2.10
[12:37:16] [Updater] Already up to date.
[12:49:21] [Updater] Checking for updates...
[12:49:21] [Updater] Version from FileVersion: 1.2.10.0
[12:49:21] [Updater] Current version: 1.2.10
[12:49:22] [Updater] Latest version on GitHub: 1.2.10
[12:49:22] [Updater] Already up to date.
[12:55:04] [Updater] Checking for updates...
[12:55:05] [Updater] Version from FileVersion: 1.2.10.0
[12:55:05] [Updater] Current version: 1.2.10
[12:55:05] [Updater] Latest version on GitHub: 1.2.10
[12:55:05] [Updater] Already up to date.
[12:59:24] [Updater] Checking for updates...
[12:59:24] [Updater] Version from FileVersion: 1.2.10.0
[12:59:24] [Updater] Current version: 1.2.10
[12:59:25] [Updater] Latest version on GitHub: 1.2.10
[12:59:25] [Updater] Already up to date.
[13:00:16] [Updater] Checking for updates...
[13:00:16] [Updater] Version from FileVersion: 1.2.10.0
[13:00:16] [Updater] Current version: 1.2.10
[13:00:17] [Updater] Latest version on GitHub: 1.2.10
[13:00:17] [Updater] Already up to date.
[13:05:27] [Updater] Checking for updates...
[13:05:27] [Updater] Version from FileVersion: 1.2.10.0
[13:05:27] [Updater] Current version: 1.2.10
[13:05:28] [Updater] Latest version on GitHub: 1.2.10
[13:05:28] [Updater] Already up to date.
[13:06:28] [Updater] Checking for updates...
[13:06:29] [Updater] Version from FileVersion: 1.2.10.0
[13:06:29] [Updater] Current version: 1.2.10
[13:06:30] [Updater] Latest version on GitHub: 1.2.10
[13:06:30] [Updater] Already up to date.
[13:07:22] [Updater] Checking for updates...
[13:07:22] [Updater] Version from FileVersion: 1.2.10.0
[13:07:22] [Updater] Current version: 1.2.10
[13:07:23] [Updater] Latest version on GitHub: 1.2.10
[13:07:23] [Updater] Already up to date.
[13:07:53] [Updater] Checking for updates...
[13:07:53] [Updater] Version from FileVersion: 1.2.10.0
[13:07:53] [Updater] Current version: 1.2.10
[13:07:54] [Updater] Latest version on GitHub: 1.2.10
[13:07:54] [Updater] Already up to date.
[13:14:13] [Updater] Checking for updates...
[13:14:13] [Updater] Version from FileVersion: 1.2.10.0
[13:14:13] [Updater] Current version: 1.2.10
[13:14:14] [Updater] Latest version on GitHub: 1.2.10
[13:14:14] [Updater] Already up to date.
[13:15:22] [Updater] Checking for updates...
[13:15:22] [Updater] Version from FileVersion: 1.2.10.0
[13:15:22] [Updater] Current version: 1.2.10
[13:15:23] [Updater] Latest version on GitHub: 1.2.10
[13:15:23] [Updater] Already up to date.
[13:26:49] [Updater] Checking for updates...
[13:26:49] [Updater] Version from FileVersion: 1.2.10.0
[13:26:49] [Updater] Current version: 1.2.10
[13:26:50] [Updater] Latest version on GitHub: 1.2.10
[13:26:50] [Updater] Already up to date.
[13:38:33] [Updater] Checking for updates...
[13:38:33] [Updater] Version from FileVersion: 1.2.10.0
[13:38:33] [Updater] Current version: 1.2.10
[13:38:34] [Updater] Latest version on GitHub: 1.2.10
[13:38:34] [Updater] Already up to date.
[13:41:31] [Updater] Checking for updates...
[13:41:31] [Updater] Version from FileVersion: 1.2.10.0
[13:41:31] [Updater] Current version: 1.2.10
[13:41:32] [Updater] Latest version on GitHub: 1.2.10
[13:41:32] [Updater] Already up to date.
[13:42:37] [Updater] Checking for updates...
[13:42:37] [Updater] Version from FileVersion: 1.2.10.0
[13:42:37] [Updater] Current version: 1.2.10
[13:42:38] [Updater] Latest version on GitHub: 1.2.10
[13:42:38] [Updater] Already up to date.
[13:43:51] [Updater] Checking for updates...
[13:43:51] [Updater] Version from FileVersion: 1.2.10.0
[13:43:51] [Updater] Current version: 1.2.10
[13:43:53] [Updater] Latest version on GitHub: 1.2.10
[13:43:53] [Updater] Already up to date.
[13:45:43] [Updater] Checking for updates...
[13:45:43] [Updater] Version from FileVersion: 1.2.10.0
[13:45:43] [Updater] Current version: 1.2.10
[13:45:44] [Updater] Latest version on GitHub: 1.2.10
[13:45:44] [Updater] Already up to date.
[13:46:01] [Updater] Checking for updates...
[13:46:01] [Updater] Version from FileVersion: 1.2.10.0
[13:46:01] [Updater] Current version: 1.2.10
[13:46:02] [Updater] Latest version on GitHub: 1.2.10
[13:46:02] [Updater] Already up to date.
[13:48:44] [Updater] Checking for updates...
[13:48:44] [Updater] Version from FileVersion: 1.2.10.0
[13:48:44] [Updater] Current version: 1.2.10
[13:48:45] [Updater] Latest version on GitHub: 1.2.10
[13:48:45] [Updater] Already up to date.
[13:49:07] [Updater] Checking for updates...
[13:49:07] [Updater] Version from FileVersion: 1.2.10.0
[13:49:07] [Updater] Current version: 1.2.10
[13:49:08] [Updater] Latest version on GitHub: 1.2.10
[13:49:08] [Updater] Already up to date.
[13:50:13] [Updater] Checking for updates...
[13:50:13] [Updater] Version from FileVersion: 1.2.10.0
[13:50:13] [Updater] Current version: 1.2.10
[13:50:14] [Updater] Latest version on GitHub: 1.2.10
[13:50:14] [Updater] Already up to date.
[13:53:30] [Updater] Checking for updates...
[13:53:30] [Updater] Version from FileVersion: 1.2.10.0
[13:53:30] [Updater] Current version: 1.2.10
[13:53:31] [Updater] Latest version on GitHub: 1.2.10
[13:53:31] [Updater] Already up to date.
[13:55:12] [Updater] Checking for updates...
[13:55:12] [Updater] Version from FileVersion: 1.2.10.0
[13:55:12] [Updater] Current version: 1.2.10
[13:55:13] [Updater] Latest version on GitHub: 1.2.10
[13:55:13] [Updater] Already up to date.
[13:58:35] [Updater] Checking for updates...
[13:58:35] [Updater] Version from FileVersion: 1.2.10.0
[13:58:35] [Updater] Current version: 1.2.10
[13:58:36] [Updater] Latest version on GitHub: 1.2.10
[13:58:36] [Updater] Already up to date.
[14:00:08] [Updater] Checking for updates...
[14:00:08] [Updater] Version from FileVersion: 1.2.10.0
[14:00:08] [Updater] Current version: 1.2.10
[14:00:09] [Updater] Latest version on GitHub: 1.2.10
[14:00:09] [Updater] Already up to date.
[14:00:43] [Updater] Checking for updates...
[14:00:43] [Updater] Version from FileVersion: 1.2.10.0
[14:00:43] [Updater] Current version: 1.2.10
[14:00:43] [Updater] Latest version on GitHub: 1.2.10
[14:00:43] [Updater] Already up to date.
[14:02:21] [Updater] Checking for updates...
[14:02:21] [Updater] Version from FileVersion: 1.2.10.0
[14:02:21] [Updater] Current version: 1.2.10
[14:02:22] [Updater] Latest version on GitHub: 1.2.10
[14:02:22] [Updater] Already up to date.
[14:03:02] [Updater] Checking for updates...
[14:03:02] [Updater] Version from FileVersion: 1.2.10.0
[14:03:02] [Updater] Current version: 1.2.10
[14:03:03] [Updater] Latest version on GitHub: 1.2.10
[14:03:03] [Updater] Already up to date.
[14:03:35] [Updater] Checking for updates...
[14:03:35] [Updater] Version from FileVersion: 1.2.10.0
[14:03:35] [Updater] Current version: 1.2.10
[14:03:36] [Updater] Latest version on GitHub: 1.2.10
[14:03:36] [Updater] Already up to date.
[14:04:13] [Updater] Checking for updates...
[14:04:13] [Updater] Version from FileVersion: 1.2.10.0
[14:04:13] [Updater] Current version: 1.2.10
[14:04:14] [Updater] Latest version on GitHub: 1.2.10
[14:04:14] [Updater] Already up to date.
