[03:11:31] [Updater] Checking for updates...
[03:11:31] [Updater] Current version: 1.0.0
[03:11:32] [Updater] GitHub API returned NotFound
[03:11:32] [Updater] Could not fetch release info (no internet or no releases yet).
[03:05:46] [Updater] Checking for updates...
[03:05:46] [Updater] Version from FileVersion: 1.2.5.0
[03:05:46] [Updater] Current version: 1.2.5
[03:05:47] [Updater] Latest version on GitHub: 1.2.4
[03:05:47] [Updater] Already up to date.
[03:08:10] [Updater] Checking for updates...
[03:08:10] [Updater] Version from FileVersion: 1.2.5.0
[03:08:10] [Updater] Current version: 1.2.5
[03:08:11] [Updater] Latest version on GitHub: 1.2.4
[03:08:11] [Updater] Already up to date.
[03:10:34] [Updater] Checking for updates...
[03:10:34] [Updater] Version from FileVersion: 1.2.5.0
[03:10:34] [Updater] Current version: 1.2.5
[03:10:35] [Updater] Latest version on GitHub: 1.2.4
[03:10:35] [Updater] Already up to date.
[03:12:20] [Updater] Checking for updates...
[03:12:20] [Updater] Version from FileVersion: 1.2.5.0
[03:12:20] [Updater] Current version: 1.2.5
[03:12:21] [Updater] Latest version on GitHub: 1.2.4
[03:12:21] [Updater] Already up to date.
[03:16:30] [Updater] Checking for updates...
[03:16:30] [Updater] Version from FileVersion: 1.2.5.0
[03:16:30] [Updater] Current version: 1.2.5
[03:16:31] [Updater] Latest version on GitHub: 1.2.4
[03:16:31] [Updater] Already up to date.
[03:45:30] [Updater] Checking for updates...
[03:45:30] [Updater] Version from FileVersion: 1.2.5.0
[03:45:30] [Updater] Current version: 1.2.5
[03:45:31] [Updater] Latest version on GitHub: 1.2.4
[03:45:31] [Updater] Already up to date.
[03:50:13] [Updater] Checking for updates...
[03:50:13] [Updater] Version from FileVersion: 1.2.5.0
[03:50:13] [Updater] Current version: 1.2.5
[03:50:13] [Updater] Latest version on GitHub: 1.2.4
[03:50:13] [Updater] Already up to date.
[03:51:43] [Updater] Checking for updates...
[03:51:43] [Updater] Version from FileVersion: 1.2.5.0
[03:51:43] [Updater] Current version: 1.2.5
[03:51:44] [Updater] Latest version on GitHub: 1.2.4
[03:51:44] [Updater] Already up to date.
[03:57:46] [Updater] Checking for updates...
[03:57:46] [Updater] Version from FileVersion: 1.2.5.0
[03:57:46] [Updater] Current version: 1.2.5
[03:57:47] [Updater] Latest version on GitHub: 1.2.4
[03:57:47] [Updater] Already up to date.
[03:59:10] [Updater] Checking for updates...
[03:59:10] [Updater] Version from FileVersion: 1.2.5.0
[03:59:10] [Updater] Current version: 1.2.5
[03:59:11] [Updater] Latest version on GitHub: 1.2.4
[03:59:11] [Updater] Already up to date.
[04:04:27] [Updater] Checking for updates...
[04:04:27] [Updater] Version from FileVersion: 1.2.5.0
[04:04:27] [Updater] Current version: 1.2.5
[04:04:28] [Updater] Latest version on GitHub: 1.2.4
[04:04:28] [Updater] Already up to date.
[04:09:15] [Updater] Checking for updates...
[04:09:15] [Updater] Version from FileVersion: 1.2.5.0
[04:09:15] [Updater] Current version: 1.2.5
[04:09:15] [Updater] Latest version on GitHub: 1.2.4
[04:09:15] [Updater] Already up to date.
[04:11:29] [Updater] Checking for updates...
[04:11:29] [Updater] Version from FileVersion: 1.2.5.0
[04:11:29] [Updater] Current version: 1.2.5
[04:11:30] [Updater] Latest version on GitHub: 1.2.4
[04:11:30] [Updater] Already up to date.
[22:44:29] [Updater] Checking for updates...
[22:44:29] [Updater] Version from FileVersion: 1.2.5.0
[22:44:29] [Updater] Current version: 1.2.5
[22:44:30] [Updater] Latest version on GitHub: 1.2.6
[22:44:30] [Updater] Update available: 1.2.5 → 1.2.6
[22:44:36] [Updater] User skipped update.
[22:47:14] [Updater] Checking for updates...
[22:47:14] [Updater] Version from FileVersion: 1.2.5.0
[22:47:14] [Updater] Current version: 1.2.5
[22:47:15] [Updater] Latest version on GitHub: 1.2.6
[22:47:15] [Updater] Update available: 1.2.5 → 1.2.6
[22:47:17] [Updater] User skipped update.
[22:52:52] [Updater] Checking for updates...
[22:52:52] [Updater] Version from FileVersion: 1.2.5.0
[22:52:52] [Updater] Current version: 1.2.5
[22:52:53] [Updater] Latest version on GitHub: 1.2.6
[22:52:53] [Updater] Update available: 1.2.5 → 1.2.6
[22:52:59] [Updater] User skipped update.
[23:10:19] [Updater] Checking for updates...
[23:10:19] [Updater] Version from FileVersion: 1.2.5.0
[23:10:19] [Updater] Current version: 1.2.5
[23:10:20] [Updater] Latest version on GitHub: 1.2.6
[23:10:20] [Updater] Update available: 1.2.5 → 1.2.6
[23:10:39] [Updater] User skipped update.
[23:12:43] [Updater] Checking for updates...
[23:12:43] [Updater] Version from FileVersion: 1.2.5.0
[23:12:43] [Updater] Current version: 1.2.5
[23:12:44] [Updater] Latest version on GitHub: 1.2.6
[23:12:44] [Updater] Update available: 1.2.5 → 1.2.6
[23:12:47] [Updater] User skipped update.
[23:29:41] [Updater] Checking for updates...
[23:29:41] [Updater] Version from FileVersion: 1.2.5.0
[23:29:41] [Updater] Current version: 1.2.5
[23:29:42] [Updater] Latest version on GitHub: 1.2.6
[23:29:42] [Updater] Update available: 1.2.5 → 1.2.6
[23:29:44] [Updater] User skipped update.
[23:37:44] [Updater] Checking for updates...
[23:37:45] [Updater] Version from FileVersion: 1.2.5.0
[23:37:45] [Updater] Current version: 1.2.5
[23:37:45] [Updater] Latest version on GitHub: 1.2.6
[23:37:45] [Updater] Update available: 1.2.5 → 1.2.6
[23:37:48] [Updater] User skipped update.
[23:38:15] [Updater] Checking for updates...
[23:38:15] [Updater] Version from FileVersion: 1.2.5.0
[23:38:15] [Updater] Current version: 1.2.5
[23:38:16] [Updater] Latest version on GitHub: 1.2.6
[23:38:16] [Updater] Update available: 1.2.5 → 1.2.6
[23:38:20] [Updater] User skipped update.
[23:40:08] [Updater] Checking for updates...
[23:40:08] [Updater] Version from FileVersion: 1.2.5.0
[23:40:08] [Updater] Current version: 1.2.5
[23:40:08] [Updater] Latest version on GitHub: 1.2.6
[23:40:08] [Updater] Update available: 1.2.5 → 1.2.6
[23:40:13] [Updater] User skipped update.
[23:44:43] [Updater] Checking for updates...
[23:44:43] [Updater] Version from FileVersion: 1.2.5.0
[23:44:43] [Updater] Current version: 1.2.5
[23:44:44] [Updater] Latest version on GitHub: 1.2.6
[23:44:44] [Updater] Update available: 1.2.5 → 1.2.6
[23:44:47] [Updater] User skipped update.
[23:54:04] [Updater] Checking for updates...
[23:54:04] [Updater] Version from FileVersion: 1.2.5.0
[23:54:04] [Updater] Current version: 1.2.5
[23:54:05] [Updater] Latest version on GitHub: 1.2.6
[23:54:05] [Updater] Update available: 1.2.5 → 1.2.6
[23:54:07] [Updater] User skipped update.
[00:09:28] [Updater] Checking for updates...
[00:09:28] [Updater] Version from FileVersion: 1.2.5.0
[00:09:28] [Updater] Current version: 1.2.5
[00:09:29] [Updater] Latest version on GitHub: 1.2.6
[00:09:29] [Updater] Update available: 1.2.5 → 1.2.6
[00:09:35] [Updater] User skipped update.
[00:10:06] [Updater] Checking for updates...
[00:10:06] [Updater] Version from FileVersion: 1.2.5.0
[00:10:06] [Updater] Current version: 1.2.5
[00:10:06] [Updater] Latest version on GitHub: 1.2.6
[00:10:06] [Updater] Update available: 1.2.5 → 1.2.6
[00:10:09] [Updater] User skipped update.
[00:15:34] [Updater] Checking for updates...
[00:15:34] [Updater] Version from FileVersion: 1.2.5.0
[00:15:34] [Updater] Current version: 1.2.5
[00:15:34] [Updater] Latest version on GitHub: 1.2.6
[00:15:34] [Updater] Update available: 1.2.5 → 1.2.6
[00:15:38] [Updater] User skipped update.
[00:40:09] [Updater] Checking for updates...
[00:40:09] [Updater] Version from FileVersion: 1.2.5.0
[00:40:09] [Updater] Current version: 1.2.5
[00:40:10] [Updater] Latest version on GitHub: 1.2.6
[00:40:10] [Updater] Update available: 1.2.5 → 1.2.6
[00:40:13] [Updater] User skipped update.
[02:06:30] [Updater] Checking for updates...
[02:06:30] [Updater] Version from FileVersion: 1.2.7.0
[02:06:30] [Updater] Current version: 1.2.7
[02:06:31] [Updater] Latest version on GitHub: 1.2.9
[02:06:31] [Updater] Update available: 1.2.7 → 1.2.9
[02:06:34] [Updater] User skipped update.
[02:10:20] [Updater] Checking for updates...
[02:10:20] [Updater] Version from FileVersion: 1.2.7.0
[02:10:20] [Updater] Current version: 1.2.7
[02:10:22] [Updater] Latest version on GitHub: 1.2.9
[02:10:22] [Updater] Update available: 1.2.7 → 1.2.9
[02:10:25] [Updater] User skipped update.
[02:16:22] [Updater] Checking for updates...
[02:16:22] [Updater] Version from FileVersion: 1.2.7.0
[02:16:22] [Updater] Current version: 1.2.7
[02:16:23] [Updater] Latest version on GitHub: 1.2.9
[02:16:23] [Updater] Update available: 1.2.7 → 1.2.9
[02:16:26] [Updater] User skipped update.
[15:19:10] [Updater] Checking for updates...
[15:19:10] [Updater] Version from FileVersion: 1.2.13.0
[15:19:10] [Updater] Current version: 1.2.13
[15:19:11] [Updater] Latest version on GitHub: 1.2.13
[15:19:11] [Updater] Already up to date.
[15:25:26] [Updater] Checking for updates...
[15:25:26] [Updater] Version from FileVersion: 1.2.13.0
[15:25:26] [Updater] Current version: 1.2.13
[15:25:27] [Updater] Latest version on GitHub: 1.2.13
[15:25:27] [Updater] Already up to date.
[20:29:33] [Updater] Checking for updates...
[20:29:33] [Updater] Version from FileVersion: 1.2.13.0
[20:29:33] [Updater] Current version: 1.2.13
[20:29:34] [Updater] Latest version on GitHub: 1.2.13
[20:29:34] [Updater] Already up to date.
[20:32:19] [Updater] Checking for updates...
[20:32:19] [Updater] Version from FileVersion: 1.2.13.0
[20:32:19] [Updater] Current version: 1.2.13
[20:32:20] [Updater] Latest version on GitHub: 1.2.13
[20:32:20] [Updater] Already up to date.
[20:42:41] [Updater] Checking for updates...
[20:42:41] [Updater] Version from FileVersion: 1.2.13.0
[20:42:41] [Updater] Current version: 1.2.13
[20:42:42] [Updater] Latest version on GitHub: 1.2.13
[20:42:42] [Updater] Already up to date.
[20:51:03] [Updater] Checking for updates...
[20:51:03] [Updater] Version from FileVersion: 1.2.13.0
[20:51:03] [Updater] Current version: 1.2.13
[20:51:04] [Updater] Latest version on GitHub: 1.2.13
[20:51:04] [Updater] Already up to date.
[21:00:28] [Updater] Checking for updates...
[21:00:28] [Updater] Version from FileVersion: 1.2.13.0
[21:00:28] [Updater] Current version: 1.2.13
[21:00:29] [Updater] Latest version on GitHub: 1.2.13
[21:00:29] [Updater] Already up to date.
[17:14:25] [Updater] Checking for updates...
[17:14:25] [Updater] Version from FileVersion: 1.2.14.0
[17:14:25] [Updater] Current version: 1.2.14
[17:14:26] [Updater] Latest version on GitHub: 1.2.14
[17:14:26] [Updater] Already up to date.
[21:37:10] [Updater] Checking for updates...
[21:37:10] [Updater] Version from FileVersion: 1.2.14.0
[21:37:10] [Updater] Current version: 1.2.14
[21:37:11] [Updater] Latest version on GitHub: 1.2.14
[21:37:11] [Updater] Already up to date.
[22:36:03] [Updater] Checking for updates...
[22:36:03] [Updater] Version from FileVersion: 1.2.14.0
[22:36:03] [Updater] Current version: 1.2.14
[22:36:04] [Updater] Could not fetch release info (no internet or no releases yet).
[22:50:50] [Updater] Checking for updates...
[22:50:50] [Updater] Version from FileVersion: 1.2.14.0
[22:50:50] [Updater] Current version: 1.2.14
[22:50:51] [Updater] Latest version on GitHub: 1.2.14
[22:50:51] [Updater] Already up to date.
[23:05:06] [Updater] Checking for updates...
[23:05:06] [Updater] Version from FileVersion: 1.2.14.0
[23:05:06] [Updater] Current version: 1.2.14
[23:05:06] [Updater] Latest version on GitHub: 1.2.14
[23:05:06] [Updater] Already up to date.
[23:19:51] [Updater] Checking for updates...
[23:19:51] [Updater] Version from FileVersion: 1.2.14.0
[23:19:51] [Updater] Current version: 1.2.14
[23:19:52] [Updater] Latest version on GitHub: 1.2.14
[23:19:52] [Updater] Already up to date.
[23:42:08] [Updater] Checking for updates...
[23:42:08] [Updater] Version from FileVersion: 1.2.14.0
[23:42:08] [Updater] Current version: 1.2.14
[23:42:08] [Updater] Latest version on GitHub: 1.2.15
[23:42:08] [Updater] Update available: 1.2.14 → 1.2.15
[23:42:15] [Updater] User skipped update.
[23:45:30] [Updater] Checking for updates...
[23:45:30] [Updater] Version from FileVersion: 1.2.14.0
[23:45:30] [Updater] Current version: 1.2.14
[23:45:31] [Updater] Latest version on GitHub: 1.2.15
[23:45:31] [Updater] Update available: 1.2.14 → 1.2.15
[23:45:39] [Updater] User skipped update.
[00:46:53] [Updater] Checking for updates...
[00:46:53] [Updater] Version from FileVersion: 1.2.14.0
[00:46:53] [Updater] Current version: 1.2.14
[00:46:54] [Updater] Latest version on GitHub: 1.2.15
[00:46:54] [Updater] Update available: 1.2.14 → 1.2.15
[00:46:56] [Updater] User skipped update.
[00:55:52] [Updater] Checking for updates...
[00:55:52] [Updater] Version from FileVersion: 1.2.14.0
[00:55:52] [Updater] Current version: 1.2.14
[00:55:53] [Updater] Latest version on GitHub: 1.2.15
[00:55:53] [Updater] Update available: 1.2.14 → 1.2.15
[00:55:56] [Updater] User skipped update.
[00:59:29] [Updater] Checking for updates...
[00:59:30] [Updater] Version from FileVersion: 1.2.14.0
[00:59:30] [Updater] Current version: 1.2.14
[00:59:30] [Updater] Latest version on GitHub: 1.2.15
[00:59:30] [Updater] Update available: 1.2.14 → 1.2.15
[00:59:33] [Updater] User skipped update.
[01:03:08] [Updater] Checking for updates...
[01:03:08] [Updater] Version from FileVersion: 1.2.14.0
[01:03:08] [Updater] Current version: 1.2.14
[01:03:09] [Updater] Latest version on GitHub: 1.2.15
[01:03:09] [Updater] Update available: 1.2.14 → 1.2.15
[01:03:12] [Updater] User skipped update.
[01:24:12] [Updater] Checking for updates...
[01:24:12] [Updater] Version from FileVersion: 1.2.14.0
[01:24:12] [Updater] Current version: 1.2.14
[01:24:13] [Updater] Latest version on GitHub: 1.2.15
[01:24:13] [Updater] Update available: 1.2.14 → 1.2.15
[01:24:15] [Updater] User skipped update.
[01:38:23] [Updater] Checking for updates...
[01:38:24] [Updater] Version from FileVersion: 1.2.14.0
[01:38:24] [Updater] Current version: 1.2.14
[01:38:24] [Updater] Latest version on GitHub: 1.2.15
[01:38:24] [Updater] Update available: 1.2.14 → 1.2.15
[01:38:26] [Updater] User skipped update.
[01:50:38] [Updater] Checking for updates...
[01:50:38] [Updater] Version from FileVersion: 1.2.14.0
[01:50:38] [Updater] Current version: 1.2.14
[01:50:39] [Updater] Latest version on GitHub: 1.2.15
[01:50:39] [Updater] Update available: 1.2.14 → 1.2.15
[01:50:42] [Updater] User skipped update.
[01:54:31] [Updater] Checking for updates...
[01:54:31] [Updater] Version from FileVersion: 1.2.14.0
[01:54:31] [Updater] Current version: 1.2.14
[01:54:32] [Updater] Latest version on GitHub: 1.2.15
[01:54:32] [Updater] Update available: 1.2.14 → 1.2.15
[01:54:35] [Updater] User skipped update.
[01:59:19] [Updater] Checking for updates...
[01:59:19] [Updater] Version from FileVersion: 1.2.14.0
[01:59:19] [Updater] Current version: 1.2.14
[01:59:20] [Updater] Latest version on GitHub: 1.2.15
[01:59:20] [Updater] Update available: 1.2.14 → 1.2.15
[01:59:22] [Updater] User skipped update.
[02:02:11] [Updater] Checking for updates...
[02:02:11] [Updater] Version from FileVersion: 1.2.14.0
[02:02:11] [Updater] Current version: 1.2.14
[02:02:12] [Updater] Latest version on GitHub: 1.2.15
[02:02:12] [Updater] Update available: 1.2.14 → 1.2.15
[02:02:14] [Updater] User skipped update.
[02:07:30] [Updater] Checking for updates...
[02:07:30] [Updater] Version from FileVersion: 1.2.14.0
[02:07:30] [Updater] Current version: 1.2.14
[02:07:31] [Updater] Latest version on GitHub: 1.2.15
[02:07:31] [Updater] Update available: 1.2.14 → 1.2.15
[02:07:34] [Updater] User skipped update.
[02:10:55] [Updater] Checking for updates...
[02:10:55] [Updater] Version from FileVersion: 1.2.14.0
[02:10:55] [Updater] Current version: 1.2.14
[02:10:56] [Updater] Latest version on GitHub: 1.2.15
[02:10:56] [Updater] Update available: 1.2.14 → 1.2.15
[02:10:58] [Updater] User skipped update.
[02:26:34] [Updater] Checking for updates...
[02:26:34] [Updater] Version from FileVersion: 1.2.14.0
[02:26:34] [Updater] Current version: 1.2.14
[02:26:35] [Updater] Latest version on GitHub: 1.2.15
[02:26:35] [Updater] Update available: 1.2.14 → 1.2.15
[02:26:37] [Updater] User skipped update.
[02:30:09] [Updater] Checking for updates...
[02:30:09] [Updater] Version from FileVersion: 1.2.14.0
[02:30:09] [Updater] Current version: 1.2.14
[02:30:10] [Updater] Latest version on GitHub: 1.2.15
[02:30:10] [Updater] Update available: 1.2.14 → 1.2.15
[02:30:42] [Updater] User skipped update.
[02:36:45] [Updater] Checking for updates...
[02:36:45] [Updater] Version from FileVersion: 1.2.14.0
[02:36:45] [Updater] Current version: 1.2.14
[02:36:46] [Updater] Latest version on GitHub: 1.2.15
[02:36:46] [Updater] Update available: 1.2.14 → 1.2.15
[02:36:50] [Updater] User skipped update.
[15:39:45] [Updater] Checking for updates...
[15:39:45] [Updater] Version from FileVersion: 1.2.16.0
[15:39:45] [Updater] Current version: 1.2.16
[15:39:47] [Updater] Latest version on GitHub: 1.2.16
[15:39:47] [Updater] Already up to date.
[15:40:07] [Updater] Checking for updates...
[15:40:07] [Updater] Version from FileVersion: 1.2.16.0
[15:40:07] [Updater] Current version: 1.2.16
[15:40:08] [Updater] Latest version on GitHub: 1.2.16
[15:40:08] [Updater] Already up to date.
[14:04:20] [Updater] Checking for updates...
[14:04:20] [Updater] Version from FileVersion: 1.2.16.0
[14:04:20] [Updater] Current version: 1.2.16
[14:04:21] [Updater] Latest version on GitHub: 1.2.16
[14:04:21] [Updater] Already up to date.
[14:16:16] [Updater] Checking for updates...
[14:16:16] [Updater] Version from FileVersion: 1.2.16.0
[14:16:16] [Updater] Current version: 1.2.16
[14:16:16] [Updater] Latest version on GitHub: 1.2.16
[14:16:16] [Updater] Already up to date.
[14:20:31] [Updater] Checking for updates...
[14:20:31] [Updater] Version from FileVersion: 1.2.16.0
[14:20:31] [Updater] Current version: 1.2.16
[14:20:32] [Updater] Latest version on GitHub: 1.2.16
[14:20:32] [Updater] Already up to date.
[14:23:13] [Updater] Checking for updates...
[14:23:13] [Updater] Version from FileVersion: 1.2.16.0
[14:23:13] [Updater] Current version: 1.2.16
[14:23:14] [Updater] Latest version on GitHub: 1.2.16
[14:23:14] [Updater] Already up to date.
[18:22:48] [Updater] Checking for updates...
[18:22:48] [Updater] Version from FileVersion: 1.2.16.0
[18:22:48] [Updater] Current version: 1.2.16
[18:22:48] [Updater] Latest version on GitHub: 1.2.16
[18:22:48] [Updater] Already up to date.
[20:12:34] [Updater] Checking for updates...
[20:12:34] [Updater] Version from FileVersion: 1.2.16.0
[20:12:34] [Updater] Current version: 1.2.16
[20:12:35] [Updater] Latest version on GitHub: 1.2.16
[20:12:35] [Updater] Already up to date.
[20:16:50] [Updater] Checking for updates...
[20:16:50] [Updater] Version from FileVersion: 1.2.16.0
[20:16:50] [Updater] Current version: 1.2.16
[20:16:50] [Updater] Latest version on GitHub: 1.2.16
[20:16:50] [Updater] Already up to date.
[20:19:24] [Updater] Checking for updates...
[20:19:24] [Updater] Version from FileVersion: 1.2.16.0
[20:19:24] [Updater] Current version: 1.2.16
[20:19:25] [Updater] Latest version on GitHub: 1.2.16
[20:19:25] [Updater] Already up to date.
